dataset: 
entropy=0.966634
1  0.988078  -0.0621326  1.40225  1.9814
2  0.00670174  2.28455  0.504737  1.98422
3  0.00522045  2.89937  1.01326  1.7073

entropy=1.22186
1  0.98951  -0.0578173  1.40531  1.96408
2  0.0104896  2.46547  0.945987  1.52144

dataset: Ðâ¸ÿ
entropy=4.78354
1  0.98638  0.01825  1.42172  1.98323
2  0.00764301  3.59047  0.98485  1.98532
3  0.00597678  4.99487  1.15255  1.75211

entropy=2.18024
1  0.985351  0.0184361  1.421  1.9833
2  0.0146491  4.05618  1.5765  1.88643

dataset: Ð¡lÿ
entropy=1.04398
1  0.986031  0.0203285  1.42536  1.98708
2  0.00783143  3.53292  0.993904  1.99435
3  0.00613755  4.97634  1.14963  1.75537

entropy=1.43166
1  0.985336  0.016917  1.42176  1.98311
2  0.0146644  4.05335  1.57082  1.86989

