dataset: °"lŒÿ
entropy=1.71598
1  0.9258  0.685067  1.9765  2.4544
2  0.0633313  3.71777  1.09785  1.99354
3  0.0108683  5.46844  1.52586  1.42729

entropy=3.04139
1  0.982391  0.858452  2.10538  2.19621
2  0.0176089  5.17945  1.8595  1.60607

dataset: Ðâ¸ÿ
entropy=1.18278
1  0.987788  0.0252985  1.43508  1.99167
2  0.00659449  3.24585  0.761465  2.01677
3  0.00561784  4.46082  0.927555  1.91296

entropy=1.31507
1  0.987166  0.0261119  1.43019  1.98847
2  0.0128345  3.7074  1.31493  1.97808

dataset: Ð¡lÿ
entropy=1.41383
1  0.988013  0.0229475  1.43175  1.99026
2  0.00634379  3.26349  0.742896  2.00686
3  0.00564325  4.4597  0.921522  1.88994

entropy=1.00886
1  0.987332  0.022844  1.43102  1.98645
2  0.0126677  3.7247  1.30512  1.98369

